
ASEM-51 V1.3                                         Copyright (c) 2002 by W.W. Heinz                                         PAGE 1





       MCS-51 Family Macro Assembler   A S E M - 5 1   V 1.3
       =====================================================



	Source File:	E:\IUT Books\6th Semester EEE\LAB\EEE 4606_Microcontroller Based System Design\Lab 9_Project_Stepper Motor\Circuit & Code\STEPPER_MOTOR_Hardware.ASM
	Object File:	E:\IUT Books\6th Semester EEE\LAB\EEE 4606_Microcontroller Based System Design\Lab 9_Project_Stepper Motor\Circuit & Code\STEPPER_MOTOR_Hardware.hex
	List File:	E:\IUT Books\6th Semester EEE\LAB\EEE 4606_Microcontroller Based System Design\Lab 9_Project_Stepper Motor\Circuit & Code\STEPPER_MOTOR_Hardware.lst



 Line  I  Addr  Code            Source

    1:		N      0000	ORG 00H
    2:		D      0090	STEPPER EQU P1
    3:		D      00B0	LCD 	EQU P3
    4:		B      0095	RS	EQU P1.5
    5:		B      0096	RW	EQU P1.6
    6:		B      0097	EN	EQU P1.7
    7:
    8:				;STORING BINARY SEQUENCE OF STEPPER MOTOR IN ROM
    9:	  0000	78 51		MOV R0,#51H    ; INDIRECT ADRESSING MODE CAN BE USED BY ONLY R0 OR R1 REGISTER
   10:
   11:	  0002	76 09		MOV @R0,#00001001B
   12:	  0004	08		INC R0
   13:	  0005	76 08		MOV @R0,#00001000B
   14:	  0007	08		INC R0
   15:	  0008	76 0C		MOV @R0,#00001100B
   16:	  000A	08		INC R0
   17:	  000B	76 04		MOV @R0,#00000100B
   18:	  000D	08		INC R0
   19:	  000E	76 06		MOV @R0,#00000110B
   20:	  0010	08		INC R0
   21:	  0011	76 02		MOV @R0,#00000010B
   22:	  0013	08		INC R0
   23:	  0014	76 03		MOV @R0,#00000011B
   24:	  0016	08		INC R0
   25:	  0017	76 01		MOV @R0,#00000001B
   26:
   27:				; LCD INITIALIZATION
   28:	  0019	90 02 B5	MOV DPTR,#MSG_1
   29:	  001C	E4		C1:CLR A
   30:	  001D	93		   MOVC A,@A+DPTR
   31:	  001E	51 48		   ACALL COMNWRT
   32:	  0020	51 62		   ACALL DELAY
   33:	  0022	A3		   INC DPTR
   34:	  0023	60 02		   JZ  SEND_DAT
   35:	  0025	80 F5		   SJMP C1
   36:
   37:	  0027	90 02 BB	SEND_DAT:MOV DPTR,#MSG_2
   38:	  002A	E4		D1:      CLR A
   39:	  002B	93		         MOVC A,@A+DPTR
   40:	  002C	60 07		         JZ KEYPAD
   41:	  002E	51 55		         ACALL DATAWRT
   42:	  0030	51 62		         ACALL DELAY
   43:	  0032	A3		         INC DPTR

ASEM-51 V1.3                                         Copyright (c) 2002 by W.W. Heinz                                         PAGE 2



 Line  I  Addr  Code            Source

   44:	  0033	80 F5		         SJMP D1
   45:
   46:	  0035			KEYPAD:
   47:	  0035	75 A0 FF	MOV P2,#0FFH
   48:
   49:	  0038	75 80 00	K1:  MOV P0,#0
   50:	  003B	E5 A0		     MOV A,P2
   51:	  003D	54 0F		     ANL A,#00001111B
   52:	  003F	B4 0F F6	     CJNE A,#00001111B,K1
   53:	  0042	12 02 62	K2:  LCALL DELAY
   54:	  0045	E5 A0		     MOV A,P2
   55:	  0047	54 0F		     ANL A,#00001111B
   56:	  0049	B4 0F 02	     CJNE A,#00001111B,OVER
   57:	  004C	80 F4		     SJMP K2
   58:	  004E	12 02 62	OVER:LCALL DELAY
   59:	  0051	E5 A0		     MOV A,P2
   60:	  0053	54 0F		     ANL A,#00001111B
   61:	  0055	B4 0F 02	     CJNE A,#00001111B,OVER1
   62:	  0058	80 E8		     SJMP K2
   63:	  005A	75 80 FE	OVER1: MOV P0,#11111110B
   64:	  005D	E5 A0		     MOV A,P2
   65:	  005F	54 0F		     ANL A,#00001111B
   66:	  0061	B4 0F 21	     CJNE A,#00001111B,ROW_0
   67:	  0064	75 80 FD	     MOV P0,#11111101B
   68:	  0067	E5 A0		     MOV A,P2
   69:	  0069	54 0F		     ANL A,#00001111B
   70:	  006B	B4 0F 1C	     CJNE A,#00001111B,ROW_1
   71:	  006E	75 80 FB	     MOV P0,#11111011B
   72:	  0071	E5 A0		     MOV A,P2
   73:	  0073	54 0F		     ANL A,#00001111B
   74:	  0075	B4 0F 17	     CJNE A,#00001111B,ROW_2
   75:	  0078	75 80 F7	     MOV P0,#11110111B
   76:	  007B	E5 A0		     MOV A,P2
   77:	  007D	54 0F		     ANL A,#00001111B
   78:	  007F	B4 0F 12	     CJNE A,#00001111B,ROW_3
   79:	  0082	02 00 42	     LJMP K2
   80:	  0085	90 02 A5	ROW_0:MOV DPTR,#KCODE0
   81:	  0088	80 0F		     SJMP FIND
   82:	  008A	90 02 A9	ROW_1:MOV DPTR,#KCODE1
   83:	  008D	80 0A		     SJMP FIND
   84:	  008F	90 02 AD	ROW_2:MOV DPTR,#KCODE2
   85:	  0092	80 05		     SJMP FIND
   86:	  0094	90 02 B1	ROW_3:MOV DPTR,#KCODE3
   87:	  0097	80 00		     SJMP FIND
   88:	  0099	13		FIND:RRC A
   89:	  009A	50 03		     JNC MATCH
   90:	  009C	A3		     INC DPTR
   91:	  009D	80 FA		     SJMP FIND
   92:	  009F	E4		MATCH:CLR A
   93:	  00A0	93		     MOVC A,@A+DPTR
   94:	  00A1	FF		     MOV R7,A
   95:
   96:				;CODE FOR MICRO-STEPPER MOTOR
   97:	  00A2			MOTOR:
   98:	  00A2	74 C0				MOV A,#0C0H    ; LCD CURSOR TO 2ND LINE
   99:	  00A4	51 48			        ACALL COMNWRT

ASEM-51 V1.3                                         Copyright (c) 2002 by W.W. Heinz                                         PAGE 3



 Line  I  Addr  Code            Source

  100:	  00A6	51 62		        	ACALL DELAY
  101:
  102:	  00A8	BF 01 17		M_1:	CJNE R7,#01D,M_2
  103:
  104:	  00AB	90 02 CC	      		MOV DPTR,#MSG_3
  105:	  00AE	E4				D3:      CLR A
  106:	  00AF	93		         	MOVC A,@A+DPTR
  107:	  00B0	60 07		         	JZ E_1
  108:	  00B2	51 55		         	ACALL DATAWRT
  109:	  00B4	51 62		         	ACALL DELAY
  110:	  00B6	A3		         	INC DPTR
  111:	  00B7	80 F5		         	SJMP D3
  112:
  113:	  00B9	75 60 20			E_1: MOV 60H,#32D	;COUNTER FOR MOTOR ROTATION LOOP
  114:	  00BC	12 02 6F	      		     LCALL CLOCKWISE_ROTATION
  115:	  00BF	02 03 DC	      		     LJMP ENDD
  116:	  00C2				M_2:
  117:	  00C2	BF 02 17			CJNE R7,#02D,M_3
  118:
  119:	  00C5	90 02 DD	      		MOV DPTR,#MSG_4
  120:	  00C8	E4				D4:      CLR A
  121:	  00C9	93		         	MOVC A,@A+DPTR
  122:	  00CA	60 07		         	JZ E_2
  123:	  00CC	51 55		         	ACALL DATAWRT
  124:	  00CE	51 62		         	ACALL DELAY
  125:	  00D0	A3		         	INC DPTR
  126:	  00D1	80 F5		         	SJMP D4
  127:
  128:	  00D3	75 60 40			E_2: MOV 60H,#64D	;COUNTER FOR MOTOR ROTATION LOOP
  129:	  00D6	12 02 6F	      		     LCALL CLOCKWISE_ROTATION
  130:	  00D9	02 03 DC	      		     LJMP ENDD
  131:
  132:	  00DC				M_3:
  133:	  00DC	BF 03 17			CJNE R7,#03D,M_4
  134:
  135:	  00DF	90 02 EE	      		MOV DPTR,#MSG_5
  136:	  00E2	E4				D5:      CLR A
  137:	  00E3	93		         	MOVC A,@A+DPTR
  138:	  00E4	60 07		         	JZ E_3
  139:	  00E6	51 55		         	ACALL DATAWRT
  140:	  00E8	51 62		         	ACALL DELAY
  141:	  00EA	A3		         	INC DPTR
  142:	  00EB	80 F5		         	SJMP D5
  143:
  144:	  00ED	75 60 60			E_3: MOV 60H,#96D	;COUNTER FOR MOTOR ROTATION LOOP
  145:	  00F0	12 02 6F	      		     LCALL CLOCKWISE_ROTATION
  146:	  00F3	02 03 DC	      		     LJMP ENDD
  147:
  148:	  00F6				M_4:
  149:	  00F6	BF 04 17			CJNE R7,#04D,M_5
  150:
  151:	  00F9	90 02 FF	      		MOV DPTR,#MSG_6
  152:	  00FC	E4				D6:      CLR A
  153:	  00FD	93		         	MOVC A,@A+DPTR
  154:	  00FE	60 07		         	JZ E_4
  155:	  0100	51 55		         	ACALL DATAWRT

ASEM-51 V1.3                                         Copyright (c) 2002 by W.W. Heinz                                         PAGE 4



 Line  I  Addr  Code            Source

  156:	  0102	51 62		         	ACALL DELAY
  157:	  0104	A3		         	INC DPTR
  158:	  0105	80 F5		         	SJMP D6
  159:
  160:	  0107	75 60 80			E_4: MOV 60H,#128D	;COUNTER FOR MOTOR ROTATION LOOP
  161:	  010A	12 02 6F	      		     LCALL CLOCKWISE_ROTATION
  162:	  010D	02 03 DC	      		     LJMP ENDD
  163:
  164:	  0110				M_5:
  165:	  0110	BF 05 17			CJNE R7,#05D,M_6
  166:
  167:	  0113	90 03 10	      		MOV DPTR,#MSG_7
  168:	  0116	E4				D7:      CLR A
  169:	  0117	93		         	MOVC A,@A+DPTR
  170:	  0118	60 07		         	JZ E_5
  171:	  011A	51 55		         	ACALL DATAWRT
  172:	  011C	51 62		         	ACALL DELAY
  173:	  011E	A3		         	INC DPTR
  174:	  011F	80 F5		         	SJMP D7
  175:
  176:	  0121	75 60 A0			E_5: MOV 60H,#160D	;COUNTER FOR MOTOR ROTATION LOOP
  177:	  0124	12 02 6F	      		     LCALL CLOCKWISE_ROTATION
  178:	  0127	02 03 DC	      		     LJMP ENDD
  179:
  180:	  012A				M_6:
  181:	  012A	BF 06 17			CJNE R7,#06D,M_7
  182:
  183:	  012D	90 03 21	      		MOV DPTR,#MSG_8
  184:	  0130	E4				D8:      CLR A
  185:	  0131	93		         	MOVC A,@A+DPTR
  186:	  0132	60 07		         	JZ E_6
  187:	  0134	51 55		         	ACALL DATAWRT
  188:	  0136	51 62		         	ACALL DELAY
  189:	  0138	A3		         	INC DPTR
  190:	  0139	80 F5		         	SJMP D8
  191:
  192:	  013B	75 60 C0			E_6: MOV 60H,#192D	;COUNTER FOR MOTOR ROTATION LOOP
  193:	  013E	12 02 6F	      		     LCALL CLOCKWISE_ROTATION
  194:	  0141	02 03 DC	      		     LJMP ENDD
  195:
  196:	  0144				M_7:
  197:	  0144	BF 07 17			CJNE R7,#07D,M_8
  198:
  199:	  0147	90 03 32	      		MOV DPTR,#MSG_9
  200:	  014A	E4				D9:      CLR A
  201:	  014B	93		         	MOVC A,@A+DPTR
  202:	  014C	60 07		         	JZ E_7
  203:	  014E	51 55		         	ACALL DATAWRT
  204:	  0150	51 62		         	ACALL DELAY
  205:	  0152	A3		         	INC DPTR
  206:	  0153	80 F5		         	SJMP D9
  207:
  208:	  0155	75 60 E0			E_7: MOV 60H,#224D	;COUNTER FOR MOTOR ROTATION LOOP
  209:	  0158	12 02 6F	      		     LCALL CLOCKWISE_ROTATION
  210:	  015B	02 03 DC	      		     LJMP ENDD
  211:

ASEM-51 V1.3                                         Copyright (c) 2002 by W.W. Heinz                                         PAGE 5



 Line  I  Addr  Code            Source

  212:	  015E				M_8:
  213:	  015E	BF 08 17			CJNE R7,#08D,M_9
  214:
  215:	  0161	90 03 43	      		MOV DPTR,#MSG_10
  216:	  0164	E4				D10:      CLR A
  217:	  0165	93		         	MOVC A,@A+DPTR
  218:	  0166	60 07		         	JZ E_8
  219:	  0168	51 55		         	ACALL DATAWRT
  220:	  016A	51 62		         	ACALL DELAY
  221:	  016C	A3		         	INC DPTR
  222:	  016D	80 F5		         	SJMP D10
  223:
  224:	  016F	75 60 FF			E_8: MOV 60H,#255D	;COUNTER FOR MOTOR ROTATION LOOP
  225:	  0172	12 02 6F	      		     LCALL CLOCKWISE_ROTATION
  226:	  0175	02 03 DC	      		     LJMP ENDD
  227:
  228:	  0178	BF 09 17	  	M_9:	CJNE R7,#09D,M_10
  229:
  230:	  017B	90 03 54	      		MOV DPTR,#MSG_M3
  231:	  017E	E4				DM3:      CLR A
  232:	  017F	93		         	MOVC A,@A+DPTR
  233:	  0180	60 07		         	JZ E_M1
  234:	  0182	51 55		         	ACALL DATAWRT
  235:	  0184	51 62		         	ACALL DELAY
  236:	  0186	A3		         	INC DPTR
  237:	  0187	80 F5		         	SJMP DM3
  238:
  239:	  0189	75 60 20			E_M1: MOV 60H,#32D	;COUNTER FOR MOTOR ROTATION LOOP
  240:	  018C	12 02 8A	      		     LCALL ANTICLOCKWISE_ROTATION
  241:	  018F	02 03 DC	      		     LJMP ENDD
  242:	  0192				M_10:
  243:	  0192	BF 0A 17			CJNE R7,#10D,M_11
  244:
  245:	  0195	90 03 65	      		MOV DPTR,#MSG_M4
  246:	  0198	E4				DM4:      CLR A
  247:	  0199	93		         	MOVC A,@A+DPTR
  248:	  019A	60 07		         	JZ E_M2
  249:	  019C	51 55		         	ACALL DATAWRT
  250:	  019E	51 62		         	ACALL DELAY
  251:	  01A0	A3		         	INC DPTR
  252:	  01A1	80 F5		         	SJMP DM4
  253:
  254:	  01A3	75 60 40			E_M2: MOV 60H,#64D	;COUNTER FOR MOTOR ROTATION LOOP
  255:	  01A6	12 02 8A	      		     LCALL ANTICLOCKWISE_ROTATION
  256:	  01A9	02 03 DC	      		     LJMP ENDD
  257:
  258:	  01AC				M_11:
  259:	  01AC	BF 0B 17			CJNE R7,#11D,M_12
  260:
  261:	  01AF	90 03 76	      		MOV DPTR,#MSG_M5
  262:	  01B2	E4				DM5:      CLR A
  263:	  01B3	93		         	MOVC A,@A+DPTR
  264:	  01B4	60 07		         	JZ E_M3
  265:	  01B6	51 55		         	ACALL DATAWRT
  266:	  01B8	51 62		         	ACALL DELAY
  267:	  01BA	A3		         	INC DPTR

ASEM-51 V1.3                                         Copyright (c) 2002 by W.W. Heinz                                         PAGE 6



 Line  I  Addr  Code            Source

  268:	  01BB	80 F5		         	SJMP DM5
  269:
  270:	  01BD	75 60 60			E_M3: MOV 60H,#96D	;COUNTER FOR MOTOR ROTATION LOOP
  271:	  01C0	12 02 8A	      		     LCALL ANTICLOCKWISE_ROTATION
  272:	  01C3	02 03 DC	      		     LJMP ENDD
  273:
  274:	  01C6				M_12:
  275:	  01C6	BF 0C 17			CJNE R7,#12D,M_13
  276:
  277:	  01C9	90 03 87	      		MOV DPTR,#MSG_M6
  278:	  01CC	E4				DM6:      CLR A
  279:	  01CD	93		         	MOVC A,@A+DPTR
  280:	  01CE	60 07		         	JZ E_M4
  281:	  01D0	51 55		         	ACALL DATAWRT
  282:	  01D2	51 62		         	ACALL DELAY
  283:	  01D4	A3		         	INC DPTR
  284:	  01D5	80 F5		         	SJMP DM6
  285:
  286:	  01D7	75 60 80			E_M4: MOV 60H,#128D	;COUNTER FOR MOTOR ROTATION LOOP
  287:	  01DA	12 02 8A	      		     LCALL ANTICLOCKWISE_ROTATION
  288:	  01DD	02 03 DC	      		     LJMP ENDD
  289:
  290:	  01E0				M_13:
  291:	  01E0	BF 0D 17			CJNE R7,#13D,M_14
  292:
  293:	  01E3	90 03 98	      		MOV DPTR,#MSG_M7
  294:	  01E6	E4				DM7:      CLR A
  295:	  01E7	93		         	MOVC A,@A+DPTR
  296:	  01E8	60 07		         	JZ E_M5
  297:	  01EA	51 55		         	ACALL DATAWRT
  298:	  01EC	51 62		         	ACALL DELAY
  299:	  01EE	A3		         	INC DPTR
  300:	  01EF	80 F5		         	SJMP DM7
  301:
  302:	  01F1	75 60 A0			E_M5: MOV 60H,#160D	;COUNTER FOR MOTOR ROTATION LOOP
  303:	  01F4	12 02 8A	      		     LCALL ANTICLOCKWISE_ROTATION
  304:	  01F7	02 03 DC	      		     LJMP ENDD
  305:
  306:	  01FA				M_14:
  307:	  01FA	BF 0E 17			CJNE R7,#14D,M_15
  308:
  309:	  01FD	90 03 A9	      		MOV DPTR,#MSG_M8
  310:	  0200	E4				DM8:      CLR A
  311:	  0201	93		         	MOVC A,@A+DPTR
  312:	  0202	60 07		         	JZ E_M6
  313:	  0204	51 55		         	ACALL DATAWRT
  314:	  0206	51 62		         	ACALL DELAY
  315:	  0208	A3		         	INC DPTR
  316:	  0209	80 F5		         	SJMP DM8
  317:
  318:	  020B	75 60 C0			E_M6: MOV 60H,#192D	;COUNTER FOR MOTOR ROTATION LOOP
  319:	  020E	12 02 8A	      		     LCALL ANTICLOCKWISE_ROTATION
  320:	  0211	02 03 DC	      		     LJMP ENDD
  321:
  322:	  0214				M_15:
  323:	  0214	BF 0F 17			CJNE R7,#15D,M_16

ASEM-51 V1.3                                         Copyright (c) 2002 by W.W. Heinz                                         PAGE 7



 Line  I  Addr  Code            Source

  324:
  325:	  0217	90 03 BA	      		MOV DPTR,#MSG_M9
  326:	  021A	E4				DM9:      CLR A
  327:	  021B	93		         	MOVC A,@A+DPTR
  328:	  021C	60 07		         	JZ E_M7
  329:	  021E	51 55		         	ACALL DATAWRT
  330:	  0220	51 62		         	ACALL DELAY
  331:	  0222	A3		         	INC DPTR
  332:	  0223	80 F5		         	SJMP DM9
  333:
  334:	  0225	75 60 E0			E_M7: MOV 60H,#224D	;COUNTER FOR MOTOR ROTATION LOOP
  335:	  0228	12 02 8A	      		     LCALL ANTICLOCKWISE_ROTATION
  336:	  022B	02 03 DC	      		     LJMP ENDD
  337:
  338:	  022E				M_16:
  339:	  022E	BF 10 14			CJNE R7,#16D,E_M9
  340:
  341:	  0231	90 03 CB	      		MOV DPTR,#MSG_M10
  342:	  0234	E4				DM10:      CLR A
  343:	  0235	93		         	MOVC A,@A+DPTR
  344:	  0236	60 07		         	JZ E_M8
  345:	  0238	51 55		         	ACALL DATAWRT
  346:	  023A	51 62		         	ACALL DELAY
  347:	  023C	A3		         	INC DPTR
  348:	  023D	80 F5		         	SJMP DM10
  349:
  350:	  023F	75 60 FF			E_M8:  MOV 60H,#255D	;COUNTER FOR MOTOR ROTATION LOOP
  351:	  0242	12 02 8A	      		       LCALL ANTICLOCKWISE_ROTATION
  352:	  0245	02 03 DC	      		E_M9:  LJMP ENDD
  353:
  354:
  355:	  0248	F5 B0		COMNWRT: MOV  LCD,A
  356:	  024A	C2 95		         CLR  RS
  357:	  024C	C2 96		         CLR  RW
  358:	  024E	D2 97		         SETB EN
  359:	  0250	51 62		         ACALL DELAY
  360:	  0252	C2 97		         CLR  EN
  361:	  0254	22		         RET
  362:
  363:	  0255	F5 B0		DATAWRT: MOV  LCD,A
  364:	  0257	D2 95		         SETB RS
  365:	  0259	C2 96		         CLR  RW
  366:	  025B	D2 97		         SETB EN
  367:	  025D	51 62		         ACALL DELAY
  368:	  025F	C2 97		         CLR  EN
  369:	  0261	22		         RET
  370:
  371:				; Delay time needs to be sufficiently small to rotate motor, motor won't rotate in case of too small
				 or large delay.
  372:	  0262	79 01		DELAY:MOV R1,#1
  373:	  0264	7A 05		      L3:MOV R2,#5
  374:	  0266	7B 64		      L2:MOV R3,#100
  375:	  0268	DB FE		      L1:DJNZ R3,L1
  376:	  026A	DA FA		         DJNZ R2,L2
  377:	  026C	D9 F6		         DJNZ R1,L3
  378:	  026E	22		         RET

ASEM-51 V1.3                                         Copyright (c) 2002 by W.W. Heinz                                         PAGE 8



 Line  I  Addr  Code            Source

  379:
  380:	  026F			CLOCKWISE_ROTATION:
  381:	  026F	75 61 02	 		     MOV 61H,#2D
  382:	  0272	85 60 62			LP1: MOV 62H,60H
  383:	  0275	75 63 08			LP2: MOV 63H,#8D
  384:	  0278	78 51				     MOV R0,#51H	; INDIRECT ADRESSING MODE CAN BE USED BY ONLY R0 OR R1 REGIS
				TER
  385:	  027A	86 90				LP3: MOV STEPPER,@R0
  386:	  027C	08				     INC R0
  387:	  027D	12 02 62			     LCALL DELAY
  388:	  0280	D5 63 F7			     DJNZ 63H,LP3
  389:
  390:	  0283	D5 62 EF			     DJNZ 62H,LP2
  391:	  0286	D5 61 E9			     DJNZ 61H,LP1
  392:	  0289	22				     RET
  393:
  394:	  028A			ANTICLOCKWISE_ROTATION:
  395:	  028A	75 61 02	 		     MOV 61H,#2D
  396:	  028D	85 60 62			LM1: MOV 62H,60H
  397:	  0290	75 63 08			LM2: MOV 63H,#8D
  398:	  0293	78 58				     MOV R0,#58H	; INDIRECT ADRESSING MODE CAN BE USED BY ONLY R0 OR R1 REGIS
				TER
  399:	  0295	86 90				LM3: MOV STEPPER,@R0
  400:	  0297	18				     DEC R0
  401:	  0298	12 02 62			     LCALL DELAY
  402:	  029B	D5 63 F7			     DJNZ 63H,LM3
  403:
  404:	  029E	D5 62 EF			     DJNZ 62H,LM2
  405:	  02A1	D5 61 E9			     DJNZ 61H,LM1
  406:	  02A4	22				     RET
  407:
  408:	  02A5	01 02 03 04	KCODE0: DB 1D,2D,3D,4D
  409:	  02A9	05 06 07 08	KCODE1: DB 5D,6D,7D,8D
  410:	  02AD	09 0A 0B 0C	KCODE2: DB 9D,10D,11D,12D
  411:	  02B1	0D 0E 0F 10	KCODE3: DB 13D,14D,15D,16D
  412:
  413:	  02B5	38 0E 01 06	MSG_1:   DB 38H,0EH,01,06,80H,0
	  02B9	80 00
  414:	  02BB	31 2F 32 4D	MSG_2:   DB '1/2MODE uSTEPPER',0
	  02BF	4F 44 45 20
	  02C3	75 53 54 45
	  02C7	50 50 45 52
	  02CB	00
  415:	  02CC	53 54 45 50	MSG_3:   DB 'STEP:1  ROT:45 D',0
	  02D0	3A 31 20 20
	  02D4	52 4F 54 3A
	  02D8	34 35 20 44
	  02DC	00
  416:	  02DD	53 54 45 50	MSG_4:   DB 'STEP:2  ROT:90 D',0
	  02E1	3A 32 20 20
	  02E5	52 4F 54 3A
	  02E9	39 30 20 44
	  02ED	00
  417:	  02EE	53 54 45 50	MSG_5:   DB 'STEP:3 ROT:135 D',0
	  02F2	3A 33 20 52
	  02F6	4F 54 3A 31

ASEM-51 V1.3                                         Copyright (c) 2002 by W.W. Heinz                                         PAGE 9



 Line  I  Addr  Code            Source

	  02FA	33 35 20 44
	  02FE	00
  418:	  02FF	53 54 45 50	MSG_6:   DB 'STEP:4 ROT:180 D',0
	  0303	3A 34 20 52
	  0307	4F 54 3A 31
	  030B	38 30 20 44
	  030F	00
  419:	  0310	53 54 45 50	MSG_7:   DB 'STEP:5 ROT:225 D',0
	  0314	3A 35 20 52
	  0318	4F 54 3A 32
	  031C	32 35 20 44
	  0320	00
  420:	  0321	53 54 45 50	MSG_8:   DB 'STEP:6 ROT:270 D',0
	  0325	3A 36 20 52
	  0329	4F 54 3A 32
	  032D	37 30 20 44
	  0331	00
  421:	  0332	53 54 45 50	MSG_9:   DB 'STEP:7 ROT:315 D',0
	  0336	3A 37 20 52
	  033A	4F 54 3A 33
	  033E	31 35 20 44
	  0342	00
  422:	  0343	53 54 45 50	MSG_10:  DB 'STEP:8 ROT:360 D',0
	  0347	3A 38 20 52
	  034B	4F 54 3A 33
	  034F	36 30 20 44
	  0353	00
  423:	  0354	53 54 45 50	MSG_M3:  DB 'STEP:1  ROT:-45D',0
	  0358	3A 31 20 20
	  035C	52 4F 54 3A
	  0360	2D 34 35 44
	  0364	00
  424:	  0365	53 54 45 50	MSG_M4:  DB 'STEP:2  ROT:-90D',0
	  0369	3A 32 20 20
	  036D	52 4F 54 3A
	  0371	2D 39 30 44
	  0375	00
  425:	  0376	53 54 45 50	MSG_M5:  DB 'STEP:3 ROT:-135D',0
	  037A	3A 33 20 52
	  037E	4F 54 3A 2D
	  0382	31 33 35 44
	  0386	00
  426:	  0387	53 54 45 50	MSG_M6:  DB 'STEP:4 ROT:-180D',0
	  038B	3A 34 20 52
	  038F	4F 54 3A 2D
	  0393	31 38 30 44
	  0397	00
  427:	  0398	53 54 45 50	MSG_M7:  DB 'STEP:5 ROT:-225D',0
	  039C	3A 35 20 52
	  03A0	4F 54 3A 2D
	  03A4	32 32 35 44
	  03A8	00
  428:	  03A9	53 54 45 50	MSG_M8:  DB 'STEP:6 ROT:-270D',0
	  03AD	3A 36 20 52
	  03B1	4F 54 3A 2D
	  03B5	32 37 30 44

ASEM-51 V1.3                                        Copyright (c) 2002 by W.W. Heinz                                         PAGE 10



 Line  I  Addr  Code            Source

	  03B9	00
  429:	  03BA	53 54 45 50	MSG_M9:  DB 'STEP:7 ROT:-315D',0
	  03BE	3A 37 20 52
	  03C2	4F 54 3A 2D
	  03C6	33 31 35 44
	  03CA	00
  430:	  03CB	53 54 45 50	MSG_M10: DB 'STEP:8 ROT:-360D',0
	  03CF	3A 38 20 52
	  03D3	4F 54 3A 2D
	  03D7	33 36 30 44
	  03DB	00
  431:
  432:	  03DC			ENDD:
  433:	  03DC	02 00 35		LJMP KEYPAD
  434:
  435:					END
  436:





                     register banks used:  ---

                     no errors




ASEM-51 V1.3                                        Copyright (c) 2002 by W.W. Heinz                                         PAGE 11





	       L I S T   O F   S Y M B O L S
	       =============================


SYMBOL				  TYPE     VALUE	LINE
------------------------------------------------------------
??ASEM_51			  NUMBER    8051
??VERSION			  NUMBER    0130
AC				  BIT	      D6
ACC				  DATA	      E0
ANTICLOCKWISE_ROTATION		  CODE	    028A	 394
B				  DATA	      F0
C1				  CODE	    001C	  29
CLOCKWISE_ROTATION		  CODE	    026F	 380
COMNWRT				  CODE	    0248	 355
CY				  BIT	      D7
D1				  CODE	    002A	  38
D10				  CODE	    0164	 216
D3				  CODE	    00AE	 105
D4				  CODE	    00C8	 120
D5				  CODE	    00E2	 136
D6				  CODE	    00FC	 152
D7				  CODE	    0116	 168
D8				  CODE	    0130	 184
D9				  CODE	    014A	 200
DATAWRT				  CODE	    0255	 363
DELAY				  CODE	    0262	 372
DM10				  CODE	    0234	 342
DM3				  CODE	    017E	 231
DM4				  CODE	    0198	 246
DM5				  CODE	    01B2	 262
DM6				  CODE	    01CC	 278
DM7				  CODE	    01E6	 294
DM8				  CODE	    0200	 310
DM9				  CODE	    021A	 326
DPH				  DATA	      83
DPL				  DATA	      82
EA				  BIT	      AF
EN				  NUMBER    0097	   6
ENDD				  CODE	    03DC	 432
ES				  BIT	      AC
ET0				  BIT	      A9
ET1				  BIT	      AB
EX0				  BIT	      A8
EX1				  BIT	      AA
EXTI0				  CODE	    0003
EXTI1				  CODE	    0013
E_1				  CODE	    00B9	 113
E_2				  CODE	    00D3	 128
E_3				  CODE	    00ED	 144
E_4				  CODE	    0107	 160
E_5				  CODE	    0121	 176
E_6				  CODE	    013B	 192
E_7				  CODE	    0155	 208
E_8				  CODE	    016F	 224
E_M1				  CODE	    0189	 239

ASEM-51 V1.3                                        Copyright (c) 2002 by W.W. Heinz                                         PAGE 12



SYMBOL				  TYPE     VALUE	LINE
------------------------------------------------------------
E_M2				  CODE	    01A3	 254
E_M3				  CODE	    01BD	 270
E_M4				  CODE	    01D7	 286
E_M5				  CODE	    01F1	 302
E_M6				  CODE	    020B	 318
E_M7				  CODE	    0225	 334
E_M8				  CODE	    023F	 350
E_M9				  CODE	    0245	 352
F0				  BIT	      D5
FIND				  CODE	    0099	  88
IE				  DATA	      A8
IE0				  BIT	      89
IE1				  BIT	      8B
INT0				  BIT	      B2
INT1				  BIT	      B3
IP				  DATA	      B8
IT0				  BIT	      88
IT1				  BIT	      8A
K1				  CODE	    0038	  49
K2				  CODE	    0042	  53
KCODE0				  CODE	    02A5	 408
KCODE1				  CODE	    02A9	 409
KCODE2				  CODE	    02AD	 410
KCODE3				  CODE	    02B1	 411
KEYPAD				  CODE	    0035	  46
L1				  CODE	    0268	 375
L2				  CODE	    0266	 374
L3				  CODE	    0264	 373
LCD				  NUMBER    00B0	   3
LM1				  CODE	    028D	 396
LM2				  CODE	    0290	 397
LM3				  CODE	    0295	 399
LP1				  CODE	    0272	 382
LP2				  CODE	    0275	 383
LP3				  CODE	    027A	 385
MATCH				  CODE	    009F	  92
MOTOR				  CODE	    00A2	  97
MSG_1				  CODE	    02B5	 413
MSG_10				  CODE	    0343	 422
MSG_2				  CODE	    02BB	 414
MSG_3				  CODE	    02CC	 415
MSG_4				  CODE	    02DD	 416
MSG_5				  CODE	    02EE	 417
MSG_6				  CODE	    02FF	 418
MSG_7				  CODE	    0310	 419
MSG_8				  CODE	    0321	 420
MSG_9				  CODE	    0332	 421
MSG_M10				  CODE	    03CB	 430
MSG_M3				  CODE	    0354	 423
MSG_M4				  CODE	    0365	 424
MSG_M5				  CODE	    0376	 425
MSG_M6				  CODE	    0387	 426
MSG_M7				  CODE	    0398	 427
MSG_M8				  CODE	    03A9	 428
MSG_M9				  CODE	    03BA	 429
M_1				  CODE	    00A8	 102

ASEM-51 V1.3                                        Copyright (c) 2002 by W.W. Heinz                                         PAGE 13



SYMBOL				  TYPE     VALUE	LINE
------------------------------------------------------------
M_10				  CODE	    0192	 242
M_11				  CODE	    01AC	 258
M_12				  CODE	    01C6	 274
M_13				  CODE	    01E0	 290
M_14				  CODE	    01FA	 306
M_15				  CODE	    0214	 322
M_16				  CODE	    022E	 338
M_2				  CODE	    00C2	 116
M_3				  CODE	    00DC	 132
M_4				  CODE	    00F6	 148
M_5				  CODE	    0110	 164
M_6				  CODE	    012A	 180
M_7				  CODE	    0144	 196
M_8				  CODE	    015E	 212
M_9				  CODE	    0178	 228
OV				  BIT	      D2
OVER				  CODE	    004E	  58
OVER1				  CODE	    005A	  63
P				  BIT	      D0
P0				  DATA	      80
P1				  DATA	      90
P2				  DATA	      A0
P3				  DATA	      B0
PCON				  DATA	      87
PS				  BIT	      BC
PSW				  DATA	      D0
PT0				  BIT	      B9
PT1				  BIT	      BB
PX0				  BIT	      B8
PX1				  BIT	      BA
RB8				  BIT	      9A
RD				  BIT	      B7
REN				  BIT	      9C
RESET				  CODE	    0000
RI				  BIT	      98
ROW_0				  CODE	    0085	  80
ROW_1				  CODE	    008A	  82
ROW_2				  CODE	    008F	  84
ROW_3				  CODE	    0094	  86
RS				  NUMBER    0095	   4
RS0				  BIT	      D3
RS1				  BIT	      D4
RW				  NUMBER    0096	   5
RXD				  BIT	      B0
SBUF				  DATA	      99
SCON				  DATA	      98
SEND_DAT			  CODE	    0027	  37
SINT				  CODE	    0023
SM0				  BIT	      9F
SM1				  BIT	      9E
SM2				  BIT	      9D
SP				  DATA	      81
STEPPER				  NUMBER    0090	   2
T0				  BIT	      B4
T1				  BIT	      B5
TB8				  BIT	      9B

ASEM-51 V1.3                                        Copyright (c) 2002 by W.W. Heinz                                         PAGE 14



SYMBOL				  TYPE     VALUE	LINE
------------------------------------------------------------
TCON				  DATA	      88
TF0				  BIT	      8D
TF1				  BIT	      8F
TH0				  DATA	      8C
TH1				  DATA	      8D
TI				  BIT	      99
TIMER0				  CODE	    000B
TIMER1				  CODE	    001B
TL0				  DATA	      8A
TL1				  DATA	      8B
TMOD				  DATA	      89
TR0				  BIT	      8C
TR1				  BIT	      8E
TXD				  BIT	      B1
WR				  BIT	      B6
